<?xml version="1.0" encoding="UTF-8"?>
<!-- Generated by org.testng.reporters.JUnitReportReporter -->
<testsuite hostname="LTIN488948" failures="0" tests="1" name="testing.TC003_WorkPlace_Health" time="0.007" errors="0" timestamp="2024-02-15T23:02:27 IST" skipped="0">
  <testcase classname="testing.TC003_WorkPlace_Health" name="set_Wrong_Details" time="0.007"/>
</testsuite> <!-- testing.TC003_WorkPlace_Health -->
