<?xml version="1.0" encoding="UTF-8"?>
<!-- Generated by org.testng.reporters.JUnitReportReporter -->
<testsuite hostname="LTIN273501" failures="0" tests="6" name="testing.TC004_Set_Correct_Details" time="0.002" errors="0" timestamp="2024-05-29T12:40:39 IST" skipped="6">
  <testcase classname="testing.TC004_Set_Correct_Details" name="ScrollTo" time="0.000">
    <skipped/>
  </testcase> <!-- ScrollTo -->
  <testcase classname="testing.TC004_Set_Correct_Details" name="set_Correct_Details" time="0.000">
    <skipped/>
  </testcase> <!-- set_Correct_Details -->
  <testcase classname="testing.TC004_Set_Correct_Details" name="buttonDisplayed" time="0.000">
    <skipped/>
  </testcase> <!-- buttonDisplayed -->
  <testcase classname="testing.TC004_Set_Correct_Details" name="click" time="0.000">
    <skipped/>
  </testcase> <!-- click -->
  <testcase classname="testing.TC004_Set_Correct_Details" name="getMsg" time="0.002">
    <skipped/>
  </testcase> <!-- getMsg -->
  <testcase classname="testing.TC004_Set_Correct_Details" name="verifyMsg" time="0.000">
    <skipped/>
  </testcase> <!-- verifyMsg -->
</testsuite> <!-- testing.TC004_Set_Correct_Details -->
