<?xml version="1.0" encoding="UTF-8"?>
<!-- Generated by org.testng.reporters.JUnitReportReporter -->
<testsuite hostname="LTIN273501" failures="0" tests="4" name="testing.TC003_Set_Wrong_Details" time="0.000" errors="0" timestamp="2024-05-29T12:40:39 IST" skipped="4">
  <testcase classname="testing.TC003_Set_Wrong_Details" name="ScrollTo" time="0.000">
    <skipped/>
  </testcase> <!-- ScrollTo -->
  <testcase classname="testing.TC003_Set_Wrong_Details" name="set_Wrong_Details" time="0.000">
    <skipped/>
  </testcase> <!-- set_Wrong_Details -->
  <testcase classname="testing.TC003_Set_Wrong_Details" name="buttonDisplayed" time="0.000">
    <skipped/>
  </testcase> <!-- buttonDisplayed -->
  <testcase classname="testing.TC003_Set_Wrong_Details" name="clearFields" time="0.000">
    <skipped/>
  </testcase> <!-- clearFields -->
</testsuite> <!-- testing.TC003_Set_Wrong_Details -->
