<?xml version="1.0" encoding="UTF-8"?>
<!-- Generated by org.testng.reporters.JUnitReportReporter -->
<testsuite hostname="LTIN273501" failures="0" tests="3" name="testing.TC002_Surgeries" time="0.000" errors="0" timestamp="2024-05-29T12:40:39 IST" skipped="3">
  <testcase classname="testing.TC002_Surgeries" name="ScrollDown" time="0.000">
    <skipped/>
  </testcase> <!-- ScrollDown -->
  <testcase classname="testing.TC002_Surgeries" name="get_Surgeries_List" time="0.000">
    <skipped/>
  </testcase> <!-- get_Surgeries_List -->
  <testcase classname="testing.TC002_Surgeries" name="clickOnForm" time="0.000">
    <skipped/>
  </testcase> <!-- clickOnForm -->
</testsuite> <!-- testing.TC002_Surgeries -->
